{"C:\\code\\Kata\\ip-tracker\\src\\generateClear.ts": {"path":"C:\\code\\Kata\\ip-tracker\\src\\generateClear.ts","statementMap":{"0":{"start":{"line":3,"column":29},"end":{"line":3,"column":null}},"1":{"start":{"line":3,"column":30},"end":{"line":3,"column":69}},"2":{"start":{"line":3,"column":82},"end":{"line":5,"column":null}},"3":{"start":{"line":4,"column":2},"end":{"line":4,"column":42}},"4":{"start":{"line":4,"column":29},"end":{"line":4,"column":41}},"5":{"start":{"line":3,"column":13},"end":{"line":3,"column":29}}},"fnMap":{"0":{"name":"(anonymous_0)","decl":{"start":{"line":3,"column":29},"end":{"line":3,"column":30}},"loc":{"start":{"line":3,"column":29},"end":{"line":3,"column":null}}},"1":{"name":"(anonymous_1)","decl":{"start":{"line":3,"column":82},"end":{"line":3,"column":null}},"loc":{"start":{"line":3,"column":82},"end":{"line":5,"column":1}}},"2":{"name":"(anonymous_2)","decl":{"start":{"line":4,"column":22},"end":{"line":4,"column":25}},"loc":{"start":{"line":4,"column":25},"end":{"line":4,"column":32}}}},"branchMap":{},"s":{"0":2,"1":27,"2":5,"3":3,"4":13,"5":2},"f":{"0":5,"1":3,"2":13},"b":{}}
,"C:\\code\\Kata\\ip-tracker\\src\\generateRequestHandled.ts": {"path":"C:\\code\\Kata\\ip-tracker\\src\\generateRequestHandled.ts","statementMap":{"0":{"start":{"line":3,"column":39},"end":{"line":3,"column":86}},"1":{"start":{"line":3,"column":49},"end":{"line":3,"column":51}},"2":{"start":{"line":3,"column":62},"end":{"line":3,"column":63}},"3":{"start":{"line":3,"column":68},"end":{"line":3,"column":70}},"4":{"start":{"line":3,"column":75},"end":{"line":3,"column":76}},"5":{"start":{"line":3,"column":81},"end":{"line":5,"column":28}},"6":{"start":{"line":7,"column":62},"end":{"line":27,"column":1}},"7":{"start":{"line":8,"column":18},"end":{"line":8,"column":19}},"8":{"start":{"line":9,"column":2},"end":{"line":26,"column":null}},"9":{"start":{"line":10,"column":22},"end":{"line":11,"column":17}},"10":{"start":{"line":13,"column":4},"end":{"line":13,"column":43}},"11":{"start":{"line":15,"column":4},"end":{"line":25,"column":null}},"12":{"start":{"line":16,"column":6},"end":{"line":16,"column":55}},"13":{"start":{"line":18,"column":6},"end":{"line":24,"column":null}},"14":{"start":{"line":19,"column":40},"end":{"line":20,"column":59}},"15":{"start":{"line":19,"column":23},"end":{"line":19,"column":25}},"16":{"start":{"line":19,"column":36},"end":{"line":19,"column":40}},"17":{"start":{"line":22,"column":8},"end":{"line":22,"column":32}},"18":{"start":{"line":23,"column":8},"end":{"line":23,"column":48}},"19":{"start":{"line":7,"column":13},"end":{"line":7,"column":62}}},"fnMap":{"0":{"name":"(anonymous_0)","decl":{"start":{"line":3,"column":39},"end":{"line":3,"column":40}},"loc":{"start":{"line":3,"column":76},"end":{"line":3,"column":86}}},"1":{"name":"(anonymous_1)","decl":{"start":{"line":7,"column":62},"end":{"line":7,"column":63}},"loc":{"start":{"line":7,"column":99},"end":{"line":27,"column":1}}},"2":{"name":"(anonymous_2)","decl":{"start":{"line":9,"column":9},"end":{"line":9,"column":10}},"loc":{"start":{"line":9,"column":19},"end":{"line":26,"column":3}}}},"branchMap":{"0":{"loc":{"start":{"line":3,"column":81},"end":{"line":5,"column":27}},"type":"cond-expr","locations":[{"start":{"line":4,"column":4},"end":{"line":4,"column":15}},{"start":{"line":5,"column":4},"end":{"line":5,"column":27}}]},"1":{"loc":{"start":{"line":10,"column":23},"end":{"line":11,"column":12}},"type":"cond-expr","locations":[{"start":{"line":10,"column":50},"end":{"line":10,"column":null}},{"start":{"line":11,"column":11},"end":{"line":11,"column":12}}]},"2":{"loc":{"start":{"line":10,"column":23},"end":{"line":10,"column":null}},"type":"binary-expr","locations":[{"start":{"line":10,"column":23},"end":{"line":10,"column":null}},{"start":{"line":10,"column":50},"end":{"line":10,"column":null}}]},"3":{"loc":{"start":{"line":15,"column":4},"end":{"line":25,"column":null}},"type":"if","locations":[{"start":{"line":15,"column":4},"end":{"line":25,"column":null}}]},"4":{"loc":{"start":{"line":18,"column":6},"end":{"line":24,"column":null}},"type":"if","locations":[{"start":{"line":18,"column":6},"end":{"line":24,"column":null}}]}},"s":{"0":2,"1":915666,"2":915666,"3":915666,"4":915666,"5":915666,"6":2,"7":5,"8":5,"9":3614911,"10":3614911,"11":3614911,"12":948986,"13":948986,"14":9066,"15":9066,"16":9066,"17":9066,"18":9066,"19":2},"f":{"0":915666,"1":5,"2":3614911},"b":{"0":[51716,863950],"1":[3613910,1001],"2":[3614911,3614911],"3":[948986],"4":[9066]}}
,"C:\\code\\Kata\\ip-tracker\\src\\generateTop100.ts": {"path":"C:\\code\\Kata\\ip-tracker\\src\\generateTop100.ts","statementMap":{"0":{"start":{"line":3,"column":30},"end":{"line":3,"column":null}},"1":{"start":{"line":3,"column":88},"end":{"line":10,"column":27}},"2":{"start":{"line":4,"column":8},"end":{"line":10,"column":27}},"3":{"start":{"line":6,"column":28},"end":{"line":6,"column":29}},"4":{"start":{"line":6,"column":40},"end":{"line":6,"column":41}},"5":{"start":{"line":6,"column":46},"end":{"line":6,"column":62}},"6":{"start":{"line":8,"column":28},"end":{"line":8,"column":29}},"7":{"start":{"line":8,"column":34},"end":{"line":8,"column":44}},"8":{"start":{"line":3,"column":13},"end":{"line":3,"column":30}}},"fnMap":{"0":{"name":"(anonymous_0)","decl":{"start":{"line":3,"column":30},"end":{"line":3,"column":31}},"loc":{"start":{"line":3,"column":74},"end":{"line":3,"column":null}}},"1":{"name":"(anonymous_1)","decl":{"start":{"line":3,"column":88},"end":{"line":3,"column":null}},"loc":{"start":{"line":3,"column":88},"end":{"line":4,"column":13}}},"2":{"name":"(anonymous_2)","decl":{"start":{"line":6,"column":18},"end":{"line":6,"column":19}},"loc":{"start":{"line":6,"column":41},"end":{"line":6,"column":52}}},"3":{"name":"(anonymous_3)","decl":{"start":{"line":8,"column":17},"end":{"line":8,"column":18}},"loc":{"start":{"line":8,"column":29},"end":{"line":8,"column":43}}}},"branchMap":{},"s":{"0":2,"1":6,"2":9,"3":637,"4":637,"5":637,"6":212,"7":212,"8":2},"f":{"0":6,"1":9,"2":637,"3":212},"b":{}}
,"C:\\code\\Kata\\ip-tracker\\src\\index.ts": {"path":"C:\\code\\Kata\\ip-tracker\\src\\index.ts","statementMap":{"0":{"start":{"line":1,"column":0},"end":{"line":1,"column":48}},"1":{"start":{"line":2,"column":0},"end":{"line":2,"column":50}},"2":{"start":{"line":4,"column":0},"end":{"line":4,"column":66}},"3":{"start":{"line":6,"column":31},"end":{"line":17,"column":1}},"4":{"start":{"line":8,"column":54},"end":{"line":8,"column":63}},"5":{"start":{"line":10,"column":44},"end":{"line":10,"column":53}},"6":{"start":{"line":12,"column":2},"end":{"line":16,"column":4}},"7":{"start":{"line":6,"column":13},"end":{"line":6,"column":31}}},"fnMap":{"0":{"name":"(anonymous_0)","decl":{"start":{"line":6,"column":31},"end":{"line":6,"column":null}},"loc":{"start":{"line":6,"column":31},"end":{"line":17,"column":1}}}},"branchMap":{},"s":{"0":1,"1":1,"2":1,"3":1,"4":3,"5":3,"6":3,"7":1},"f":{"0":3},"b":{}}
,"C:\\code\\Kata\\ip-tracker\\src\\pseudoRandom.ts": {"path":"C:\\code\\Kata\\ip-tracker\\src\\pseudoRandom.ts","statementMap":{"0":{"start":{"line":1,"column":14},"end":{"line":1,"column":null}},"1":{"start":{"line":1,"column":62},"end":{"line":11,"column":4}},"2":{"start":{"line":2,"column":4},"end":{"line":2,"column":13}},"3":{"start":{"line":2,"column":14},"end":{"line":2,"column":23}},"4":{"start":{"line":2,"column":24},"end":{"line":2,"column":33}},"5":{"start":{"line":2,"column":34},"end":{"line":2,"column":43}},"6":{"start":{"line":3,"column":12},"end":{"line":3,"column":23}},"7":{"start":{"line":4,"column":4},"end":{"line":4,"column":20}},"8":{"start":{"line":5,"column":4},"end":{"line":5,"column":25}},"9":{"start":{"line":6,"column":4},"end":{"line":6,"column":29}},"10":{"start":{"line":7,"column":4},"end":{"line":7,"column":18}},"11":{"start":{"line":8,"column":4},"end":{"line":8,"column":18}},"12":{"start":{"line":9,"column":4},"end":{"line":9,"column":18}},"13":{"start":{"line":10,"column":4},"end":{"line":10,"column":34}},"14":{"start":{"line":13,"column":37},"end":{"line":15,"column":1}},"15":{"start":{"line":14,"column":2},"end":{"line":14,"column":70}},"16":{"start":{"line":13,"column":13},"end":{"line":13,"column":37}}},"fnMap":{"0":{"name":"(anonymous_0)","decl":{"start":{"line":1,"column":14},"end":{"line":1,"column":15}},"loc":{"start":{"line":1,"column":57},"end":{"line":1,"column":null}}},"1":{"name":"(anonymous_1)","decl":{"start":{"line":1,"column":62},"end":{"line":1,"column":null}},"loc":{"start":{"line":1,"column":62},"end":{"line":11,"column":3}}},"2":{"name":"(anonymous_2)","decl":{"start":{"line":13,"column":37},"end":{"line":13,"column":38}},"loc":{"start":{"line":13,"column":50},"end":{"line":15,"column":1}}}},"branchMap":{},"s":{"0":1,"1":1,"2":700,"3":700,"4":700,"5":700,"6":700,"7":700,"8":700,"9":700,"10":700,"11":700,"12":700,"13":700,"14":1,"15":1,"16":1},"f":{"0":1,"1":700,"2":1},"b":{}}
}
