TN:
SF:src\generateClear.ts
FN:3,(anonymous_0)
FN:3,(anonymous_1)
FN:4,(anonymous_2)
FNF:3
FNH:3
FNDA:5,(anonymous_0)
FNDA:3,(anonymous_1)
FNDA:13,(anonymous_2)
DA:3,27
DA:4,13
LF:2
LH:2
BRF:0
BRH:0
end_of_record
TN:
SF:src\generateRequestHandled.ts
FN:3,(anonymous_0)
FN:7,(anonymous_1)
FN:9,(anonymous_2)
FNF:3
FNH:3
FNDA:915666,(anonymous_0)
FNDA:5,(anonymous_1)
FNDA:3614911,(anonymous_2)
DA:3,915666
DA:7,2
DA:8,5
DA:9,5
DA:10,3614911
DA:13,3614911
DA:15,3614911
DA:16,948986
DA:18,948986
DA:19,9066
DA:22,9066
DA:23,9066
LF:12
LH:12
BRDA:3,0,0,51716
BRDA:3,0,1,863950
BRDA:10,1,0,3613910
BRDA:10,1,1,1001
BRDA:10,2,0,3614911
BRDA:10,2,1,3614911
BRDA:15,3,0,948986
BRDA:18,4,0,9066
BRF:8
BRH:8
end_of_record
TN:
SF:src\generateTop100.ts
FN:3,(anonymous_0)
FN:3,(anonymous_1)
FN:6,(anonymous_2)
FN:8,(anonymous_3)
FNF:4
FNH:4
FNDA:6,(anonymous_0)
FNDA:9,(anonymous_1)
FNDA:637,(anonymous_2)
FNDA:212,(anonymous_3)
DA:3,6
DA:4,9
DA:6,637
DA:8,212
LF:4
LH:4
BRF:0
BRH:0
end_of_record
TN:
SF:src\index.ts
FN:6,(anonymous_0)
FNF:1
FNH:1
FNDA:3,(anonymous_0)
DA:1,1
DA:2,1
DA:4,1
DA:6,1
DA:8,3
DA:10,3
DA:12,3
LF:7
LH:7
BRF:0
BRH:0
end_of_record
TN:
SF:src\pseudoRandom.ts
FN:1,(anonymous_0)
FN:1,(anonymous_1)
FN:13,(anonymous_2)
FNF:3
FNH:3
FNDA:1,(anonymous_0)
FNDA:700,(anonymous_1)
FNDA:1,(anonymous_2)
DA:1,1
DA:2,700
DA:3,700
DA:4,700
DA:5,700
DA:6,700
DA:7,700
DA:8,700
DA:9,700
DA:10,700
DA:13,1
DA:14,1
LF:12
LH:12
BRF:0
BRH:0
end_of_record
